2024-11-27 16:22:33,278 ERROR 56794 [-/127.0.0.1/-/53ms GET /] nodejs.Error: Please set config.keys first
    at Application.get keys [as keys] (/Users/JunhanDang/Desktop/Year4/FYP/StudentHub/node_modules/egg/lib/application.js:285:15)
    at Object.get cookies [as cookies] (/Users/JunhanDang/Desktop/Year4/FYP/StudentHub/node_modules/egg/app/extend/context.js:23:66)
    at Object.get [egg-security#CSRF_SECRET] (/Users/JunhanDang/Desktop/Year4/FYP/StudentHub/node_modules/egg-security/app/extend/context.js:93:35)
    at Object.ensureCsrfSecret (/Users/JunhanDang/Desktop/Year4/FYP/StudentHub/node_modules/egg-security/app/extend/context.js:106:13)
    at csrf (/Users/JunhanDang/Desktop/Year4/FYP/StudentHub/node_modules/egg-security/lib/middlewares/csrf.js:13:11)
    at dispatch (/Users/JunhanDang/Desktop/Year4/FYP/StudentHub/node_modules/egg-security/node_modules/koa-compose/index.js:42:32)
    at /Users/JunhanDang/Desktop/Year4/FYP/StudentHub/node_modules/egg-security/node_modules/koa-compose/index.js:34:12
    at dispatch (/Users/JunhanDang/Desktop/Year4/FYP/StudentHub/node_modules/koa/node_modules/koa-compose/index.js:42:32)
    at session (/Users/JunhanDang/Desktop/Year4/FYP/StudentHub/node_modules/koa-session/index.js:41:13)
    at dispatch (/Users/JunhanDang/Desktop/Year4/FYP/StudentHub/node_modules/koa/node_modules/koa-compose/index.js:42:32)

pid: 56794
hostname: JunhandeMacBook-Pro.local

2024-11-27 16:23:09,932 ERROR 56794 [-/127.0.0.1/-/2ms GET /user/login] nodejs.Error: Please set config.keys first
    at Application.get keys [as keys] (/Users/JunhanDang/Desktop/Year4/FYP/StudentHub/node_modules/egg/lib/application.js:285:15)
    at Object.get cookies [as cookies] (/Users/JunhanDang/Desktop/Year4/FYP/StudentHub/node_modules/egg/app/extend/context.js:23:66)
    at Object.get [egg-security#CSRF_SECRET] (/Users/JunhanDang/Desktop/Year4/FYP/StudentHub/node_modules/egg-security/app/extend/context.js:93:35)
    at Object.ensureCsrfSecret (/Users/JunhanDang/Desktop/Year4/FYP/StudentHub/node_modules/egg-security/app/extend/context.js:106:13)
    at csrf (/Users/JunhanDang/Desktop/Year4/FYP/StudentHub/node_modules/egg-security/lib/middlewares/csrf.js:13:11)
    at dispatch (/Users/JunhanDang/Desktop/Year4/FYP/StudentHub/node_modules/egg-security/node_modules/koa-compose/index.js:42:32)
    at /Users/JunhanDang/Desktop/Year4/FYP/StudentHub/node_modules/egg-security/node_modules/koa-compose/index.js:34:12
    at dispatch (/Users/JunhanDang/Desktop/Year4/FYP/StudentHub/node_modules/koa/node_modules/koa-compose/index.js:42:32)
    at session (/Users/JunhanDang/Desktop/Year4/FYP/StudentHub/node_modules/koa-session/index.js:41:13)
    at dispatch (/Users/JunhanDang/Desktop/Year4/FYP/StudentHub/node_modules/koa/node_modules/koa-compose/index.js:42:32)

pid: 56794
hostname: JunhandeMacBook-Pro.local

2024-11-27 16:25:21,586 ERROR 56794 [-/127.0.0.1/-/3ms GET /user/login?name=JunhanDang&pwd=123456] nodejs.Error: Please set config.keys first
    at Application.get keys [as keys] (/Users/JunhanDang/Desktop/Year4/FYP/StudentHub/node_modules/egg/lib/application.js:285:15)
    at Object.get cookies [as cookies] (/Users/JunhanDang/Desktop/Year4/FYP/StudentHub/node_modules/egg/app/extend/context.js:23:66)
    at Object.get [egg-security#CSRF_SECRET] (/Users/JunhanDang/Desktop/Year4/FYP/StudentHub/node_modules/egg-security/app/extend/context.js:93:35)
    at Object.ensureCsrfSecret (/Users/JunhanDang/Desktop/Year4/FYP/StudentHub/node_modules/egg-security/app/extend/context.js:106:13)
    at csrf (/Users/JunhanDang/Desktop/Year4/FYP/StudentHub/node_modules/egg-security/lib/middlewares/csrf.js:13:11)
    at dispatch (/Users/JunhanDang/Desktop/Year4/FYP/StudentHub/node_modules/egg-security/node_modules/koa-compose/index.js:42:32)
    at /Users/JunhanDang/Desktop/Year4/FYP/StudentHub/node_modules/egg-security/node_modules/koa-compose/index.js:34:12
    at dispatch (/Users/JunhanDang/Desktop/Year4/FYP/StudentHub/node_modules/koa/node_modules/koa-compose/index.js:42:32)
    at session (/Users/JunhanDang/Desktop/Year4/FYP/StudentHub/node_modules/koa-session/index.js:41:13)
    at dispatch (/Users/JunhanDang/Desktop/Year4/FYP/StudentHub/node_modules/koa/node_modules/koa-compose/index.js:42:32)

pid: 56794
hostname: JunhandeMacBook-Pro.local

2024-11-27 16:25:57,740 ERROR 56794 [-/127.0.0.1/-/1ms GET /user/login?name=JunhanDang&pwd=123456] nodejs.Error: Please set config.keys first
    at Application.get keys [as keys] (/Users/JunhanDang/Desktop/Year4/FYP/StudentHub/node_modules/egg/lib/application.js:285:15)
    at Object.get cookies [as cookies] (/Users/JunhanDang/Desktop/Year4/FYP/StudentHub/node_modules/egg/app/extend/context.js:23:66)
    at Object.get [egg-security#CSRF_SECRET] (/Users/JunhanDang/Desktop/Year4/FYP/StudentHub/node_modules/egg-security/app/extend/context.js:93:35)
    at Object.ensureCsrfSecret (/Users/JunhanDang/Desktop/Year4/FYP/StudentHub/node_modules/egg-security/app/extend/context.js:106:13)
    at csrf (/Users/JunhanDang/Desktop/Year4/FYP/StudentHub/node_modules/egg-security/lib/middlewares/csrf.js:13:11)
    at dispatch (/Users/JunhanDang/Desktop/Year4/FYP/StudentHub/node_modules/egg-security/node_modules/koa-compose/index.js:42:32)
    at /Users/JunhanDang/Desktop/Year4/FYP/StudentHub/node_modules/egg-security/node_modules/koa-compose/index.js:34:12
    at dispatch (/Users/JunhanDang/Desktop/Year4/FYP/StudentHub/node_modules/koa/node_modules/koa-compose/index.js:42:32)
    at session (/Users/JunhanDang/Desktop/Year4/FYP/StudentHub/node_modules/koa-session/index.js:41:13)
    at dispatch (/Users/JunhanDang/Desktop/Year4/FYP/StudentHub/node_modules/koa/node_modules/koa-compose/index.js:42:32)

pid: 56794
hostname: JunhandeMacBook-Pro.local

2024-11-27 16:53:00,002 INFO 65586 [-/127.0.0.1/-/8ms GET /user/login?name=JunhanDang&pwd=123456] Received login request: name=JunhanDang, pwd=123456
2024-11-27 16:53:00,004 INFO 65586 [-/127.0.0.1/-/10ms GET /user/login?name=JunhanDang&pwd=123456] Login successful for JunhanDang
2024-11-27 16:53:16,558 INFO 65586 [-/127.0.0.1/-/0ms GET /user/login?name=JunhanDang&pwd=123456] Received login request: name=JunhanDang, pwd=123456
2024-11-27 16:53:16,559 INFO 65586 [-/127.0.0.1/-/1ms GET /user/login?name=JunhanDang&pwd=123456] Login successful for JunhanDang
